2021-03-11 15:50:23,918 [Worker-27: Building] INFO  o.e.m.w.i.f.ResourceFilteringBuildParticipant - Changed resources require a complete clean of filtered resources of lab101-project-create-tutor
2021-03-11 15:50:23,923 [Worker-27: Building] INFO  o.e.m.w.i.f.ResourceFilteringBuildParticipant - Executing resource filtering for lab101-project-create-tutor
2021-03-11 16:23:54,618 [Worker-52: Building] INFO  o.e.m.w.i.f.ResourceFilteringBuildParticipant - Changed resources require a complete clean of filtered resources of lab302-batch
2021-03-11 16:23:54,619 [Worker-52: Building] INFO  o.e.m.w.i.f.ResourceFilteringBuildParticipant - Executing resource filtering for lab302-batch
2021-03-16 14:02:15,457 [Worker-82: Building] INFO  o.e.m.w.i.f.ResourceFilteringBuildParticipant - Changed resources require a complete clean of filtered resources of lab301-mvc
2021-03-16 14:02:15,482 [Worker-82: Building] INFO  o.e.m.w.i.f.ResourceFilteringBuildParticipant - Executing resource filtering for lab301-mvc
2021-03-16 14:02:46,925 [Worker-78: Building] INFO  o.e.m.w.i.f.ResourceFilteringBuildParticipant - Changed resources require a complete clean of filtered resources of lab301-mvc-tutor
2021-03-16 14:02:46,925 [Worker-78: Building] INFO  o.e.m.w.i.f.ResourceFilteringBuildParticipant - Executing resource filtering for lab301-mvc-tutor
2021-03-16 14:03:03,768 [Worker-82: Building] INFO  o.e.m.w.i.f.ResourceFilteringBuildParticipant - Changed resources require a complete clean of filtered resources of lab302-ajax
2021-03-16 14:03:03,768 [Worker-82: Building] INFO  o.e.m.w.i.f.ResourceFilteringBuildParticipant - Executing resource filtering for lab302-ajax
2021-03-16 14:03:22,292 [Worker-84: Building] INFO  o.e.m.w.i.f.ResourceFilteringBuildParticipant - Changed resources require a complete clean of filtered resources of lab302-ajax-tutor
2021-03-16 14:03:22,292 [Worker-84: Building] INFO  o.e.m.w.i.f.ResourceFilteringBuildParticipant - Executing resource filtering for lab302-ajax-tutor
2021-03-16 14:04:01,100 [Worker-82: Building] INFO  o.e.m.w.i.f.ResourceFilteringBuildParticipant - Changed resources require a complete clean of filtered resources of lab303-easycompany
2021-03-16 14:04:01,100 [Worker-82: Building] INFO  o.e.m.w.i.f.ResourceFilteringBuildParticipant - Executing resource filtering for lab303-easycompany
2021-03-16 14:04:07,670 [Worker-83: Building] INFO  o.e.m.w.i.f.ResourceFilteringBuildParticipant - Changed resources require a complete clean of filtered resources of lab303-easycompany
2021-03-16 14:04:07,670 [Worker-83: Building] INFO  o.e.m.w.i.f.ResourceFilteringBuildParticipant - Executing resource filtering for lab303-easycompany
2021-03-16 14:04:16,374 [Worker-81: Building] INFO  o.e.m.w.i.f.ResourceFilteringBuildParticipant - Changed resources require a complete clean of filtered resources of lab303-easycompany-tutor
2021-03-16 14:04:16,375 [Worker-81: Building] INFO  o.e.m.w.i.f.ResourceFilteringBuildParticipant - Executing resource filtering for lab303-easycompany-tutor
2021-03-16 14:04:18,944 [Worker-78: Building] INFO  o.e.m.w.i.f.ResourceFilteringBuildParticipant - Changed resources require a complete clean of filtered resources of lab303-easycompany-tutor
2021-03-16 14:04:18,944 [Worker-78: Building] INFO  o.e.m.w.i.f.ResourceFilteringBuildParticipant - Executing resource filtering for lab303-easycompany-tutor
2021-03-16 14:19:26,172 [Worker-124: Building] INFO  o.e.m.w.i.f.ResourceFilteringBuildParticipant - Changed resources require a complete clean of filtered resources of lab301-mvc
2021-03-16 14:19:26,172 [Worker-124: Building] INFO  o.e.m.w.i.f.ResourceFilteringBuildParticipant - Executing resource filtering for lab301-mvc
2021-03-16 14:19:26,436 [Worker-124: Building] INFO  o.e.m.w.i.f.ResourceFilteringBuildParticipant - Changed resources require a complete clean of filtered resources of lab301-mvc-tutor
2021-03-16 14:19:26,436 [Worker-124: Building] INFO  o.e.m.w.i.f.ResourceFilteringBuildParticipant - Executing resource filtering for lab301-mvc-tutor
2021-03-16 14:19:26,769 [Worker-124: Building] INFO  o.e.m.w.i.f.ResourceFilteringBuildParticipant - Changed resources require a complete clean of filtered resources of lab302-ajax
2021-03-16 14:19:26,769 [Worker-124: Building] INFO  o.e.m.w.i.f.ResourceFilteringBuildParticipant - Executing resource filtering for lab302-ajax
2021-03-16 14:19:27,047 [Worker-124: Building] INFO  o.e.m.w.i.f.ResourceFilteringBuildParticipant - Changed resources require a complete clean of filtered resources of lab302-ajax-tutor
2021-03-16 14:19:27,047 [Worker-124: Building] INFO  o.e.m.w.i.f.ResourceFilteringBuildParticipant - Executing resource filtering for lab302-ajax-tutor
2021-03-16 14:19:30,102 [Worker-120: Building] INFO  o.e.m.w.i.f.ResourceFilteringBuildParticipant - Changed resources require a complete clean of filtered resources of lab303-easycompany
2021-03-16 14:19:30,102 [Worker-120: Building] INFO  o.e.m.w.i.f.ResourceFilteringBuildParticipant - Executing resource filtering for lab303-easycompany
2021-03-16 14:19:30,989 [Worker-117: Building] INFO  o.e.m.w.i.f.ResourceFilteringBuildParticipant - Changed resources require a complete clean of filtered resources of lab303-easycompany-tutor
2021-03-16 14:19:30,989 [Worker-117: Building] INFO  o.e.m.w.i.f.ResourceFilteringBuildParticipant - Executing resource filtering for lab303-easycompany-tutor
2021-03-16 14:20:08,773 [Worker-117: Building] INFO  o.e.m.w.i.f.ResourceFilteringBuildParticipant - Changed resources require a complete clean of filtered resources of lab301-mvc
2021-03-16 14:20:08,774 [Worker-117: Building] INFO  o.e.m.w.i.f.ResourceFilteringBuildParticipant - Executing resource filtering for lab301-mvc
2021-03-16 14:20:09,005 [Worker-117: Building] INFO  o.e.m.w.i.f.ResourceFilteringBuildParticipant - Changed resources require a complete clean of filtered resources of lab301-mvc-tutor
2021-03-16 14:20:09,006 [Worker-117: Building] INFO  o.e.m.w.i.f.ResourceFilteringBuildParticipant - Executing resource filtering for lab301-mvc-tutor
2021-03-16 14:20:09,281 [Worker-117: Building] INFO  o.e.m.w.i.f.ResourceFilteringBuildParticipant - Changed resources require a complete clean of filtered resources of lab302-ajax
2021-03-16 14:20:09,281 [Worker-117: Building] INFO  o.e.m.w.i.f.ResourceFilteringBuildParticipant - Executing resource filtering for lab302-ajax
2021-03-16 14:20:09,549 [Worker-117: Building] INFO  o.e.m.w.i.f.ResourceFilteringBuildParticipant - Changed resources require a complete clean of filtered resources of lab302-ajax-tutor
2021-03-16 14:20:09,549 [Worker-117: Building] INFO  o.e.m.w.i.f.ResourceFilteringBuildParticipant - Executing resource filtering for lab302-ajax-tutor
2021-03-16 14:20:09,850 [Worker-117: Building] INFO  o.e.m.w.i.f.ResourceFilteringBuildParticipant - Changed resources require a complete clean of filtered resources of lab303-easycompany
2021-03-16 14:20:09,850 [Worker-117: Building] INFO  o.e.m.w.i.f.ResourceFilteringBuildParticipant - Executing resource filtering for lab303-easycompany
2021-03-16 14:20:10,186 [Worker-117: Building] INFO  o.e.m.w.i.f.ResourceFilteringBuildParticipant - Changed resources require a complete clean of filtered resources of lab303-easycompany-tutor
2021-03-16 14:20:10,186 [Worker-117: Building] INFO  o.e.m.w.i.f.ResourceFilteringBuildParticipant - Executing resource filtering for lab303-easycompany-tutor
2021-03-16 15:13:24,790 [Worker-120: Updating Maven Project] INFO  o.e.m.w.i.f.ResourceFilteringBuildParticipant - Cleaning filtered folder for lab101-project-create-tutor
2021-03-16 15:13:24,835 [Worker-120: Updating Maven Project] INFO  o.e.m.w.i.f.ResourceFilteringBuildParticipant - Cleaning filtered folder for lab102-code-generation
2021-03-16 15:13:24,874 [Worker-120: Updating Maven Project] INFO  o.e.m.w.i.f.ResourceFilteringBuildParticipant - Cleaning filtered folder for lab102-code-generation-tutor
2021-03-16 15:13:25,442 [Worker-120: Updating Maven Project] INFO  o.e.m.w.i.f.ResourceFilteringBuildParticipant - Cleaning filtered folder for lab104-common-component-tutor
2021-03-16 15:13:25,747 [Worker-120: Updating Maven Project] INFO  o.e.m.w.i.f.ResourceFilteringBuildParticipant - Cleaning filtered folder for lab105-template-project-tutor
2021-03-16 15:13:26,005 [Worker-120: Updating Maven Project] INFO  o.e.m.w.i.f.ResourceFilteringBuildParticipant - Cleaning filtered folder for lab301-mvc
2021-03-16 15:13:26,036 [Worker-120: Updating Maven Project] INFO  o.e.m.w.i.f.ResourceFilteringBuildParticipant - Cleaning filtered folder for lab301-mvc-tutor
2021-03-16 15:13:26,076 [Worker-120: Updating Maven Project] INFO  o.e.m.w.i.f.ResourceFilteringBuildParticipant - Cleaning filtered folder for lab302-ajax
2021-03-16 15:13:26,119 [Worker-120: Updating Maven Project] INFO  o.e.m.w.i.f.ResourceFilteringBuildParticipant - Cleaning filtered folder for lab302-ajax-tutor
2021-03-16 15:13:26,153 [Worker-120: Updating Maven Project] INFO  o.e.m.w.i.f.ResourceFilteringBuildParticipant - Cleaning filtered folder for lab302-batch
2021-03-16 15:13:26,238 [Worker-120: Updating Maven Project] INFO  o.e.m.w.i.f.ResourceFilteringBuildParticipant - Cleaning filtered folder for lab303-easycompany
2021-03-16 15:13:26,289 [Worker-120: Updating Maven Project] INFO  o.e.m.w.i.f.ResourceFilteringBuildParticipant - Cleaning filtered folder for lab303-easycompany-tutor
2021-03-16 15:13:26,310 [Worker-120: Updating Maven Project] INFO  o.e.m.w.i.f.ResourceFilteringBuildParticipant - Cleaning filtered folder for lab401-mobile-guide-3.5
2021-03-16 15:13:26,325 [Worker-120: Updating Maven Project] INFO  o.e.m.w.i.f.ResourceFilteringBuildParticipant - Cleaning filtered folder for lab402-ux-component
2021-03-16 15:13:26,582 [Worker-120: Updating Maven Project] INFO  o.e.m.w.i.f.ResourceFilteringBuildParticipant - Cleaning filtered folder for lab403-DeviceAPI-Web
2021-03-16 15:17:33,552 [Worker-123: Building] INFO  o.e.m.w.i.f.ResourceFilteringBuildParticipant - Changed resources require a complete clean of filtered resources of lab401-mobile-guide-3.5
2021-03-16 15:17:33,552 [Worker-123: Building] INFO  o.e.m.w.i.f.ResourceFilteringBuildParticipant - Executing resource filtering for lab401-mobile-guide-3.5
2021-03-16 15:17:35,266 [Worker-134: Building] INFO  o.e.m.w.i.f.ResourceFilteringBuildParticipant - Changed resources require a complete clean of filtered resources of lab403-DeviceAPI-Web
2021-03-16 15:17:35,266 [Worker-134: Building] INFO  o.e.m.w.i.f.ResourceFilteringBuildParticipant - Executing resource filtering for lab403-DeviceAPI-Web
2021-03-16 15:20:36,767 [Worker-130: Updating Maven Project] INFO  o.e.m.w.i.f.ResourceFilteringBuildParticipant - Cleaning filtered folder for lab101-project-create-tutor
2021-03-16 15:20:36,803 [Worker-130: Updating Maven Project] INFO  o.e.m.w.i.f.ResourceFilteringBuildParticipant - Cleaning filtered folder for lab102-code-generation
2021-03-16 15:20:36,832 [Worker-130: Updating Maven Project] INFO  o.e.m.w.i.f.ResourceFilteringBuildParticipant - Cleaning filtered folder for lab102-code-generation-tutor
2021-03-16 15:20:37,297 [Worker-130: Updating Maven Project] INFO  o.e.m.w.i.f.ResourceFilteringBuildParticipant - Cleaning filtered folder for lab104-common-component-tutor
2021-03-16 15:20:37,518 [Worker-130: Updating Maven Project] INFO  o.e.m.w.i.f.ResourceFilteringBuildParticipant - Cleaning filtered folder for lab105-template-project-tutor
2021-03-16 15:20:37,743 [Worker-130: Updating Maven Project] INFO  o.e.m.w.i.f.ResourceFilteringBuildParticipant - Cleaning filtered folder for lab301-mvc
2021-03-16 15:20:37,764 [Worker-130: Updating Maven Project] INFO  o.e.m.w.i.f.ResourceFilteringBuildParticipant - Cleaning filtered folder for lab301-mvc-tutor
2021-03-16 15:20:37,797 [Worker-130: Updating Maven Project] INFO  o.e.m.w.i.f.ResourceFilteringBuildParticipant - Cleaning filtered folder for lab302-ajax
2021-03-16 15:20:37,834 [Worker-130: Updating Maven Project] INFO  o.e.m.w.i.f.ResourceFilteringBuildParticipant - Cleaning filtered folder for lab302-ajax-tutor
2021-03-16 15:20:37,866 [Worker-130: Updating Maven Project] INFO  o.e.m.w.i.f.ResourceFilteringBuildParticipant - Cleaning filtered folder for lab302-batch
2021-03-16 15:20:37,939 [Worker-130: Updating Maven Project] INFO  o.e.m.w.i.f.ResourceFilteringBuildParticipant - Cleaning filtered folder for lab303-easycompany
2021-03-16 15:20:37,982 [Worker-130: Updating Maven Project] INFO  o.e.m.w.i.f.ResourceFilteringBuildParticipant - Cleaning filtered folder for lab303-easycompany-tutor
2021-03-16 15:20:38,001 [Worker-130: Updating Maven Project] INFO  o.e.m.w.i.f.ResourceFilteringBuildParticipant - Cleaning filtered folder for lab401-mobile-guide-3.5
2021-03-16 15:20:38,015 [Worker-130: Updating Maven Project] INFO  o.e.m.w.i.f.ResourceFilteringBuildParticipant - Cleaning filtered folder for lab402-ux-component
2021-03-16 15:20:38,263 [Worker-130: Updating Maven Project] INFO  o.e.m.w.i.f.ResourceFilteringBuildParticipant - Cleaning filtered folder for lab403-DeviceAPI-Web
2021-03-16 15:21:09,797 [Worker-142: Building] INFO  o.e.m.w.i.f.ResourceFilteringBuildParticipant - Changed resources require a complete clean of filtered resources of lab102-code-generation
2021-03-16 15:21:09,797 [Worker-142: Building] INFO  o.e.m.w.i.f.ResourceFilteringBuildParticipant - Executing resource filtering for lab102-code-generation
2021-03-16 15:21:10,161 [Worker-142: Building] INFO  o.e.m.w.i.f.ResourceFilteringBuildParticipant - Changed resources require a complete clean of filtered resources of lab102-code-generation-tutor
2021-03-16 15:21:10,161 [Worker-142: Building] INFO  o.e.m.w.i.f.ResourceFilteringBuildParticipant - Executing resource filtering for lab102-code-generation-tutor
2021-03-16 15:24:20,035 [Worker-144: Building] INFO  o.e.m.w.i.f.ResourceFilteringBuildParticipant - Changed resources require a complete clean of filtered resources of lab401-mobile-guide-3.5
2021-03-16 15:24:20,035 [Worker-144: Building] INFO  o.e.m.w.i.f.ResourceFilteringBuildParticipant - Executing resource filtering for lab401-mobile-guide-3.5
2021-03-16 15:24:21,750 [Worker-143: Building] INFO  o.e.m.w.i.f.ResourceFilteringBuildParticipant - Changed resources require a complete clean of filtered resources of lab403-DeviceAPI-Web
2021-03-16 15:24:21,750 [Worker-143: Building] INFO  o.e.m.w.i.f.ResourceFilteringBuildParticipant - Executing resource filtering for lab403-DeviceAPI-Web
2021-03-16 16:28:04,775 [Worker-35: Building] INFO  o.e.m.w.i.f.ResourceFilteringBuildParticipant - Changed resources require a complete clean of filtered resources of lab301-mvc
2021-03-16 16:28:04,779 [Worker-35: Building] INFO  o.e.m.w.i.f.ResourceFilteringBuildParticipant - Executing resource filtering for lab301-mvc
2021-03-16 16:28:05,358 [Worker-35: Building] INFO  o.e.m.w.i.f.ResourceFilteringBuildParticipant - Changed resources require a complete clean of filtered resources of lab301-mvc-tutor
2021-03-16 16:28:05,358 [Worker-35: Building] INFO  o.e.m.w.i.f.ResourceFilteringBuildParticipant - Executing resource filtering for lab301-mvc-tutor
2021-03-16 16:28:06,227 [Worker-40: Building] INFO  o.e.m.w.i.f.ResourceFilteringBuildParticipant - Changed resources require a complete clean of filtered resources of lab302-ajax
2021-03-16 16:28:06,227 [Worker-40: Building] INFO  o.e.m.w.i.f.ResourceFilteringBuildParticipant - Executing resource filtering for lab302-ajax
2021-03-16 16:28:06,901 [Worker-46: Building] INFO  o.e.m.w.i.f.ResourceFilteringBuildParticipant - Changed resources require a complete clean of filtered resources of lab302-ajax-tutor
2021-03-16 16:28:06,901 [Worker-46: Building] INFO  o.e.m.w.i.f.ResourceFilteringBuildParticipant - Executing resource filtering for lab302-ajax-tutor
2021-03-16 16:28:08,468 [Worker-53: Building] INFO  o.e.m.w.i.f.ResourceFilteringBuildParticipant - Changed resources require a complete clean of filtered resources of lab303-easycompany
2021-03-16 16:28:08,469 [Worker-53: Building] INFO  o.e.m.w.i.f.ResourceFilteringBuildParticipant - Executing resource filtering for lab303-easycompany
2021-03-16 16:29:12,110 [Worker-42: Building] INFO  o.e.m.w.i.f.ResourceFilteringBuildParticipant - Changed resources require a complete clean of filtered resources of lab303-easycompany-tutor
2021-03-16 16:29:12,110 [Worker-42: Building] INFO  o.e.m.w.i.f.ResourceFilteringBuildParticipant - Executing resource filtering for lab303-easycompany-tutor
2021-03-19 14:38:15,594 [Worker-25: Updating Maven Project] INFO  o.e.m.w.i.f.ResourceFilteringBuildParticipant - Cleaning filtered folder for lab101-project-create-tutor
2021-03-19 14:38:15,636 [Worker-25: Updating Maven Project] INFO  o.e.m.w.i.f.ResourceFilteringBuildParticipant - Cleaning filtered folder for lab102-code-generation
2021-03-19 14:38:15,661 [Worker-25: Updating Maven Project] INFO  o.e.m.w.i.f.ResourceFilteringBuildParticipant - Cleaning filtered folder for lab102-code-generation-tutor
2021-03-19 14:38:16,137 [Worker-25: Updating Maven Project] INFO  o.e.m.w.i.f.ResourceFilteringBuildParticipant - Cleaning filtered folder for lab104-common-component-tutor
2021-03-19 14:38:16,371 [Worker-25: Updating Maven Project] INFO  o.e.m.w.i.f.ResourceFilteringBuildParticipant - Cleaning filtered folder for lab105-template-project-tutor
2021-03-19 14:38:16,607 [Worker-25: Updating Maven Project] INFO  o.e.m.w.i.f.ResourceFilteringBuildParticipant - Cleaning filtered folder for lab301-mvc
2021-03-19 14:38:16,633 [Worker-25: Updating Maven Project] INFO  o.e.m.w.i.f.ResourceFilteringBuildParticipant - Cleaning filtered folder for lab301-mvc-tutor
2021-03-19 14:38:16,680 [Worker-25: Updating Maven Project] INFO  o.e.m.w.i.f.ResourceFilteringBuildParticipant - Cleaning filtered folder for lab302-ajax
2021-03-19 14:38:16,722 [Worker-25: Updating Maven Project] INFO  o.e.m.w.i.f.ResourceFilteringBuildParticipant - Cleaning filtered folder for lab302-ajax-tutor
2021-03-19 14:38:16,754 [Worker-25: Updating Maven Project] INFO  o.e.m.w.i.f.ResourceFilteringBuildParticipant - Cleaning filtered folder for lab302-batch
2021-03-19 14:38:16,839 [Worker-25: Updating Maven Project] INFO  o.e.m.w.i.f.ResourceFilteringBuildParticipant - Cleaning filtered folder for lab303-easycompany
2021-03-19 14:38:16,888 [Worker-25: Updating Maven Project] INFO  o.e.m.w.i.f.ResourceFilteringBuildParticipant - Cleaning filtered folder for lab303-easycompany-tutor
2021-03-19 14:38:16,904 [Worker-25: Updating Maven Project] INFO  o.e.m.w.i.f.ResourceFilteringBuildParticipant - Cleaning filtered folder for lab401-mobile-guide-3.5
2021-03-19 14:38:16,919 [Worker-25: Updating Maven Project] INFO  o.e.m.w.i.f.ResourceFilteringBuildParticipant - Cleaning filtered folder for lab402-ux-component
2021-03-19 14:38:17,154 [Worker-25: Updating Maven Project] INFO  o.e.m.w.i.f.ResourceFilteringBuildParticipant - Cleaning filtered folder for lab403-DeviceAPI-Web
2021-03-19 14:39:39,924 [Worker-35: Building] INFO  o.e.m.w.i.f.ResourceFilteringBuildParticipant - Changed resources require a complete clean of filtered resources of lab401-mobile-guide-3.5
2021-03-19 14:39:39,924 [Worker-35: Building] INFO  o.e.m.w.i.f.ResourceFilteringBuildParticipant - Executing resource filtering for lab401-mobile-guide-3.5
2021-03-19 14:39:41,332 [Worker-35: Building] INFO  o.e.m.w.i.f.ResourceFilteringBuildParticipant - Changed resources require a complete clean of filtered resources of lab403-DeviceAPI-Web
2021-03-19 14:39:41,332 [Worker-35: Building] INFO  o.e.m.w.i.f.ResourceFilteringBuildParticipant - Executing resource filtering for lab403-DeviceAPI-Web
2021-03-19 14:47:17,098 [Worker-6: Building] INFO  o.e.m.w.i.f.ResourceFilteringBuildParticipant - Changed resources require a complete clean of filtered resources of lab102-code-generation
2021-03-19 14:47:17,102 [Worker-6: Building] INFO  o.e.m.w.i.f.ResourceFilteringBuildParticipant - Executing resource filtering for lab102-code-generation
2021-03-19 14:47:17,362 [Worker-6: Building] INFO  o.e.m.w.i.f.ResourceFilteringBuildParticipant - Changed resources require a complete clean of filtered resources of lab102-code-generation-tutor
2021-03-19 14:47:17,362 [Worker-6: Building] INFO  o.e.m.w.i.f.ResourceFilteringBuildParticipant - Executing resource filtering for lab102-code-generation-tutor
2021-03-19 14:47:19,639 [Worker-6: Building] INFO  o.e.m.w.i.f.ResourceFilteringBuildParticipant - Changed resources require a complete clean of filtered resources of lab104-common-component-tutor
2021-03-19 14:47:19,639 [Worker-6: Building] INFO  o.e.m.w.i.f.ResourceFilteringBuildParticipant - Executing resource filtering for lab104-common-component-tutor
2021-10-19 14:13:38,693 [main] INFO  o.e.m.w.i.f.ResourceFilteringBuildParticipant - Cleaning filtered folder for test.mobile
2021-10-19 14:13:42,172 [Worker-10: Building] INFO  o.e.m.w.i.f.ResourceFilteringBuildParticipant - Changed resources require a complete clean of filtered resources of test.mobile
2021-10-19 14:13:42,177 [Worker-10: Building] INFO  o.e.m.w.i.f.ResourceFilteringBuildParticipant - Executing resource filtering for test.mobile
2021-10-19 14:26:38,636 [Worker-29: Cleaning selected projects] INFO  o.e.m.w.i.f.ResourceFilteringBuildParticipant - Cleaning filtered folder for test.mobile
2021-10-19 14:26:39,068 [Worker-31: Building] INFO  o.e.m.w.i.f.ResourceFilteringBuildParticipant - Changed resources require a complete clean of filtered resources of test.mobile
2021-10-19 14:26:39,069 [Worker-31: Building] INFO  o.e.m.w.i.f.ResourceFilteringBuildParticipant - Executing resource filtering for test.mobile
2021-10-19 14:27:29,467 [Worker-29: Updating Maven Project] INFO  o.e.m.w.i.f.ResourceFilteringBuildParticipant - Cleaning filtered folder for test.mobile
2021-10-19 14:27:30,121 [Worker-29: Building] INFO  o.e.m.w.i.f.ResourceFilteringBuildParticipant - Changed resources require a complete clean of filtered resources of test.mobile
2021-10-19 14:27:30,122 [Worker-29: Building] INFO  o.e.m.w.i.f.ResourceFilteringBuildParticipant - Executing resource filtering for test.mobile
2021-10-19 14:51:44,707 [Worker-36: Building] INFO  o.e.m.w.i.f.ResourceFilteringBuildParticipant - Changed resources require a complete clean of filtered resources of lab101-project-create-tutor
2021-10-19 14:51:44,708 [Worker-36: Building] INFO  o.e.m.w.i.f.ResourceFilteringBuildParticipant - Executing resource filtering for lab101-project-create-tutor
2021-10-19 14:54:37,714 [Worker-38: Cleaning selected projects] INFO  o.e.m.w.i.f.ResourceFilteringBuildParticipant - Cleaning filtered folder for lab101-project-create-tutor
2021-10-19 14:54:38,121 [Worker-43: Building] INFO  o.e.m.w.i.f.ResourceFilteringBuildParticipant - Changed resources require a complete clean of filtered resources of lab101-project-create-tutor
2021-10-19 14:54:38,121 [Worker-43: Building] INFO  o.e.m.w.i.f.ResourceFilteringBuildParticipant - Executing resource filtering for lab101-project-create-tutor
2021-10-19 14:54:53,460 [Worker-41: Updating Maven Project] INFO  o.e.m.w.i.f.ResourceFilteringBuildParticipant - Cleaning filtered folder for lab101-project-create-tutor
2021-10-19 14:54:54,019 [Worker-43: Building] INFO  o.e.m.w.i.f.ResourceFilteringBuildParticipant - Changed resources require a complete clean of filtered resources of lab101-project-create-tutor
2021-10-19 14:54:54,019 [Worker-43: Building] INFO  o.e.m.w.i.f.ResourceFilteringBuildParticipant - Executing resource filtering for lab101-project-create-tutor
2021-10-19 14:58:47,909 [main] INFO  o.e.m.w.i.f.ResourceFilteringBuildParticipant - Cleaning filtered folder for lab101
2021-10-19 14:58:48,904 [Worker-49: Building] INFO  o.e.m.w.i.f.ResourceFilteringBuildParticipant - Changed resources require a complete clean of filtered resources of lab101
2021-10-19 14:58:48,904 [Worker-49: Building] INFO  o.e.m.w.i.f.ResourceFilteringBuildParticipant - Executing resource filtering for lab101
2021-10-19 15:19:30,637 [Worker-48: Updating Maven Project] INFO  o.e.m.w.i.f.ResourceFilteringBuildParticipant - Cleaning filtered folder for lab101
2021-10-19 15:19:31,835 [Worker-51: Building] INFO  o.e.m.w.i.f.ResourceFilteringBuildParticipant - Changed resources require a complete clean of filtered resources of lab101
2021-10-19 15:19:31,835 [Worker-51: Building] INFO  o.e.m.w.i.f.ResourceFilteringBuildParticipant - Executing resource filtering for lab101
2021-10-19 15:24:27,115 [Worker-56: Building] INFO  o.e.m.w.i.f.ResourceFilteringBuildParticipant - Changed resources require a complete clean of filtered resources of lab102-code-generation
2021-10-19 15:24:27,116 [Worker-56: Building] INFO  o.e.m.w.i.f.ResourceFilteringBuildParticipant - Executing resource filtering for lab102-code-generation
2021-10-19 15:37:53,175 [Worker-69: Cleaning selected projects] INFO  o.e.m.w.i.f.ResourceFilteringBuildParticipant - Cleaning filtered folder for lab102-code-generation
2021-10-19 15:37:53,517 [Worker-74: Building] INFO  o.e.m.w.i.f.ResourceFilteringBuildParticipant - Changed resources require a complete clean of filtered resources of lab102-code-generation
2021-10-19 15:37:53,517 [Worker-74: Building] INFO  o.e.m.w.i.f.ResourceFilteringBuildParticipant - Executing resource filtering for lab102-code-generation
2021-10-20 10:17:51,131 [main] INFO  o.e.m.w.i.f.ResourceFilteringBuildParticipant - Cleaning filtered folder for lab104
2021-10-20 10:17:52,348 [Worker-47: Building] INFO  o.e.m.w.i.f.ResourceFilteringBuildParticipant - Changed resources require a complete clean of filtered resources of lab104
2021-10-20 10:17:52,350 [Worker-47: Building] INFO  o.e.m.w.i.f.ResourceFilteringBuildParticipant - Executing resource filtering for lab104
2021-10-20 11:00:03,142 [Worker-63: Building] INFO  o.e.m.w.i.f.ResourceFilteringBuildParticipant - Changed resources require a complete clean of filtered resources of lab104
2021-10-20 11:00:03,143 [Worker-63: Building] INFO  o.e.m.w.i.f.ResourceFilteringBuildParticipant - Executing resource filtering for lab104
2021-10-20 11:31:09,163 [main] INFO  o.e.m.w.i.f.ResourceFilteringBuildParticipant - Cleaning filtered folder for lab105
2021-10-20 11:31:22,656 [Worker-80: Building] INFO  o.e.m.w.i.f.ResourceFilteringBuildParticipant - Changed resources require a complete clean of filtered resources of lab105
2021-10-20 11:31:22,657 [Worker-80: Building] INFO  o.e.m.w.i.f.ResourceFilteringBuildParticipant - Executing resource filtering for lab105
2021-10-22 17:05:28,020 [Worker-50: Building] INFO  o.e.m.w.i.f.ResourceFilteringBuildParticipant - Changed resources require a complete clean of filtered resources of lab302-batch
2021-10-22 17:05:28,028 [Worker-50: Building] INFO  o.e.m.w.i.f.ResourceFilteringBuildParticipant - Executing resource filtering for lab302-batch
2021-10-22 20:48:22,665 [Worker-2: Building] INFO  o.e.m.w.i.f.ResourceFilteringBuildParticipant - Changed resources require a complete clean of filtered resources of lab303-easycompany-tutor
2021-10-22 20:48:22,672 [Worker-2: Building] INFO  o.e.m.w.i.f.ResourceFilteringBuildParticipant - Executing resource filtering for lab303-easycompany-tutor
2021-10-22 20:55:11,314 [Worker-33: Building] INFO  o.e.m.w.i.f.ResourceFilteringBuildParticipant - Changed resources require a complete clean of filtered resources of lab303-easycompany
2021-10-22 20:55:11,316 [Worker-33: Building] INFO  o.e.m.w.i.f.ResourceFilteringBuildParticipant - Executing resource filtering for lab303-easycompany
2021-10-22 20:59:17,135 [Worker-35: Updating Maven Project] INFO  o.e.m.w.i.f.ResourceFilteringBuildParticipant - Cleaning filtered folder for lab303-easycompany-tutor
2021-10-22 20:59:18,770 [Worker-42: Building] INFO  o.e.m.w.i.f.ResourceFilteringBuildParticipant - Changed resources require a complete clean of filtered resources of lab303-easycompany-tutor
2021-10-22 20:59:18,770 [Worker-42: Building] INFO  o.e.m.w.i.f.ResourceFilteringBuildParticipant - Executing resource filtering for lab303-easycompany-tutor
2021-10-22 21:25:42,480 [Worker-49: Building] INFO  o.e.m.w.i.f.ResourceFilteringBuildParticipant - Changed resources require a complete clean of filtered resources of lab301-mvc
2021-10-22 21:25:42,482 [Worker-49: Building] INFO  o.e.m.w.i.f.ResourceFilteringBuildParticipant - Executing resource filtering for lab301-mvc
2021-10-22 21:30:45,490 [Worker-50: Building] INFO  o.e.m.w.i.f.ResourceFilteringBuildParticipant - Changed resources require a complete clean of filtered resources of lab301-mvc-tutor
2021-10-22 21:30:45,491 [Worker-50: Building] INFO  o.e.m.w.i.f.ResourceFilteringBuildParticipant - Executing resource filtering for lab301-mvc-tutor
2021-10-23 08:20:20,350 [Worker-9: Updating Maven Project] INFO  o.e.m.w.i.f.ResourceFilteringBuildParticipant - Cleaning filtered folder for lab301-mvc-tutor
2021-10-23 08:20:21,289 [Worker-25: Building] INFO  o.e.m.w.i.f.ResourceFilteringBuildParticipant - Changed resources require a complete clean of filtered resources of lab301-mvc-tutor
2021-10-23 08:20:21,291 [Worker-25: Building] INFO  o.e.m.w.i.f.ResourceFilteringBuildParticipant - Executing resource filtering for lab301-mvc-tutor
2021-10-23 08:20:38,732 [Worker-25: Updating Maven Project] INFO  o.e.m.w.i.f.ResourceFilteringBuildParticipant - Cleaning filtered folder for lab301-mvc-tutor
2021-10-23 08:20:39,889 [Worker-24: Building] INFO  o.e.m.w.i.f.ResourceFilteringBuildParticipant - Changed resources require a complete clean of filtered resources of lab301-mvc-tutor
2021-10-23 08:20:39,890 [Worker-24: Building] INFO  o.e.m.w.i.f.ResourceFilteringBuildParticipant - Executing resource filtering for lab301-mvc-tutor
2021-10-23 10:47:37,192 [Worker-46: Building] INFO  o.e.m.w.i.f.ResourceFilteringBuildParticipant - Changed resources require a complete clean of filtered resources of lab302-ajax-tutor
2021-10-23 10:47:37,194 [Worker-46: Building] INFO  o.e.m.w.i.f.ResourceFilteringBuildParticipant - Executing resource filtering for lab302-ajax-tutor
2021-10-23 10:47:42,980 [Worker-44: Building] INFO  o.e.m.w.i.f.ResourceFilteringBuildParticipant - Changed resources require a complete clean of filtered resources of lab302-ajax
2021-10-23 10:47:42,981 [Worker-44: Building] INFO  o.e.m.w.i.f.ResourceFilteringBuildParticipant - Executing resource filtering for lab302-ajax
2021-10-23 10:48:47,355 [Worker-49: Updating Maven Project] INFO  o.e.m.w.i.f.ResourceFilteringBuildParticipant - Cleaning filtered folder for lab302-ajax-tutor
2021-10-23 10:48:48,345 [Worker-48: Building] INFO  o.e.m.w.i.f.ResourceFilteringBuildParticipant - Changed resources require a complete clean of filtered resources of lab302-ajax-tutor
2021-10-23 10:48:48,345 [Worker-48: Building] INFO  o.e.m.w.i.f.ResourceFilteringBuildParticipant - Executing resource filtering for lab302-ajax-tutor
2021-10-23 10:53:10,579 [Worker-45: Updating Maven Project] INFO  o.e.m.w.i.f.ResourceFilteringBuildParticipant - Cleaning filtered folder for lab302-ajax
2021-10-23 10:53:12,455 [Worker-50: Building] INFO  o.e.m.w.i.f.ResourceFilteringBuildParticipant - Changed resources require a complete clean of filtered resources of lab302-ajax
2021-10-23 10:53:12,456 [Worker-50: Building] INFO  o.e.m.w.i.f.ResourceFilteringBuildParticipant - Executing resource filtering for lab302-ajax
2021-10-23 16:32:43,151 [Worker-24: Building] INFO  o.e.m.w.i.f.ResourceFilteringBuildParticipant - Changed resources require a complete clean of filtered resources of lab402-ux-component
2021-10-23 16:32:43,160 [Worker-24: Building] INFO  o.e.m.w.i.f.ResourceFilteringBuildParticipant - Executing resource filtering for lab402-ux-component
2021-10-23 16:33:37,515 [Worker-24: Cleaning selected projects] INFO  o.e.m.w.i.f.ResourceFilteringBuildParticipant - Cleaning filtered folder for lab402-ux-component
2021-10-23 16:33:38,628 [Worker-27: Building] INFO  o.e.m.w.i.f.ResourceFilteringBuildParticipant - Changed resources require a complete clean of filtered resources of lab402-ux-component
2021-10-23 16:33:38,629 [Worker-27: Building] INFO  o.e.m.w.i.f.ResourceFilteringBuildParticipant - Executing resource filtering for lab402-ux-component
2021-10-23 16:33:52,078 [Worker-25: Updating Maven Project] INFO  o.e.m.w.i.f.ResourceFilteringBuildParticipant - Cleaning filtered folder for lab402-ux-component
2021-10-23 16:33:52,660 [Worker-23: Building] INFO  o.e.m.w.i.f.ResourceFilteringBuildParticipant - Changed resources require a complete clean of filtered resources of lab402-ux-component
2021-10-23 16:33:52,660 [Worker-23: Building] INFO  o.e.m.w.i.f.ResourceFilteringBuildParticipant - Executing resource filtering for lab402-ux-component
2021-10-23 19:21:29,133 [Worker-29: Updating Maven Project] INFO  o.e.m.w.i.f.ResourceFilteringBuildParticipant - Cleaning filtered folder for deviceWeb
2021-10-23 19:21:32,618 [Worker-32: Building] INFO  o.e.m.w.i.f.ResourceFilteringBuildParticipant - Changed resources require a complete clean of filtered resources of deviceWeb
2021-10-23 19:21:32,620 [Worker-32: Building] INFO  o.e.m.w.i.f.ResourceFilteringBuildParticipant - Executing resource filtering for deviceWeb
2021-10-23 19:21:38,789 [Worker-25: Cleaning selected projects] INFO  o.e.m.w.i.f.ResourceFilteringBuildParticipant - Cleaning filtered folder for deviceWeb
2021-10-23 19:21:42,901 [Worker-35: Building] INFO  o.e.m.w.i.f.ResourceFilteringBuildParticipant - Changed resources require a complete clean of filtered resources of deviceWeb
2021-10-23 19:21:42,901 [Worker-35: Building] INFO  o.e.m.w.i.f.ResourceFilteringBuildParticipant - Executing resource filtering for deviceWeb
2021-10-25 16:51:00,532 [main] INFO  o.e.m.w.i.f.ResourceFilteringBuildParticipant - Cleaning filtered folder for lab101_1
2021-10-25 16:51:04,535 [Worker-30: Building] INFO  o.e.m.w.i.f.ResourceFilteringBuildParticipant - Changed resources require a complete clean of filtered resources of lab101_1
2021-10-25 16:51:04,538 [Worker-30: Building] INFO  o.e.m.w.i.f.ResourceFilteringBuildParticipant - Executing resource filtering for lab101_1
2021-10-26 17:54:27,463 [main] INFO  o.e.m.w.i.f.ResourceFilteringBuildParticipant - Cleaning filtered folder for lab101_2
2021-10-26 17:54:33,605 [Worker-54: Building] INFO  o.e.m.w.i.f.ResourceFilteringBuildParticipant - Changed resources require a complete clean of filtered resources of lab101_2
2021-10-26 17:54:33,610 [Worker-54: Building] INFO  o.e.m.w.i.f.ResourceFilteringBuildParticipant - Executing resource filtering for lab101_2
